d:\数据结构可视化\data_structrue\data_structrue\x64\debug\vc143.pdb
d:\数据结构可视化\data_structrue\data_structrue\x64\debug\vc143.idb
d:\数据结构可视化\data_structrue\data_structrue\x64\debug\treenode.obj
d:\数据结构可视化\data_structrue\data_structrue\x64\debug\state.obj
d:\数据结构可视化\data_structrue\data_structrue\x64\debug\stack.obj
d:\数据结构可视化\data_structrue\data_structrue\x64\debug\showstack.obj
d:\数据结构可视化\data_structrue\data_structrue\x64\debug\showqueue.obj
d:\数据结构可视化\data_structrue\data_structrue\x64\debug\showkmp.obj
d:\数据结构可视化\data_structrue\data_structrue\x64\debug\show.obj
d:\数据结构可视化\data_structrue\data_structrue\x64\debug\scrollbox.obj
d:\数据结构可视化\data_structrue\data_structrue\x64\debug\queue.obj
d:\数据结构可视化\data_structrue\data_structrue\x64\debug\partternstr.obj
d:\数据结构可视化\data_structrue\data_structrue\x64\debug\list_test.obj
d:\数据结构可视化\data_structrue\data_structrue\x64\debug\listnode.obj
d:\数据结构可视化\data_structrue\data_structrue\x64\debug\list.obj
d:\数据结构可视化\data_structrue\data_structrue\x64\debug\linknode.obj
d:\数据结构可视化\data_structrue\data_structrue\x64\debug\linked.obj
d:\数据结构可视化\data_structrue\data_structrue\x64\debug\input_box.obj
d:\数据结构可视化\data_structrue\data_structrue\x64\debug\home.obj
d:\数据结构可视化\data_structrue\data_structrue\x64\debug\binarytree.obj
d:\数据结构可视化\data_structrue\x64\debug\data_structrue.exe
d:\数据结构可视化\data_structrue\x64\debug\data_structrue.pdb
d:\数据结构可视化\data_structrue\data_structrue\x64\debug\data_structrue.ilk
d:\数据结构可视化\data_structrue\data_structrue\x64\debug\data_structrue.tlog\cl.command.1.tlog
d:\数据结构可视化\data_structrue\data_structrue\x64\debug\data_structrue.tlog\cl.items.tlog
d:\数据结构可视化\data_structrue\data_structrue\x64\debug\data_structrue.tlog\cl.read.1.tlog
d:\数据结构可视化\data_structrue\data_structrue\x64\debug\data_structrue.tlog\cl.write.1.tlog
d:\数据结构可视化\data_structrue\data_structrue\x64\debug\data_structrue.tlog\link.command.1.tlog
d:\数据结构可视化\data_structrue\data_structrue\x64\debug\data_structrue.tlog\link.read.1.tlog
d:\数据结构可视化\data_structrue\data_structrue\x64\debug\data_structrue.tlog\link.secondary.1.tlog
d:\数据结构可视化\data_structrue\data_structrue\x64\debug\data_structrue.tlog\link.write.1.tlog
