d:\数据结构可视化\data_structrue\data_structrue\x64\release\vc143.pdb
d:\数据结构可视化\data_structrue\data_structrue\x64\release\state.obj
d:\数据结构可视化\data_structrue\data_structrue\x64\release\stack.obj
d:\数据结构可视化\data_structrue\data_structrue\x64\release\showstack.obj
d:\数据结构可视化\data_structrue\data_structrue\x64\release\showqueue.obj
d:\数据结构可视化\data_structrue\data_structrue\x64\release\show.obj
d:\数据结构可视化\data_structrue\data_structrue\x64\release\sequential_list.obj
d:\数据结构可视化\data_structrue\data_structrue\x64\release\scrollbox.obj
d:\数据结构可视化\data_structrue\data_structrue\x64\release\queue.obj
d:\数据结构可视化\data_structrue\data_structrue\x64\release\main.obj
d:\数据结构可视化\data_structrue\data_structrue\x64\release\listnode.obj
d:\数据结构可视化\data_structrue\data_structrue\x64\release\list.obj
d:\数据结构可视化\data_structrue\data_structrue\x64\release\linknode.obj
d:\数据结构可视化\data_structrue\data_structrue\x64\release\linked.obj
d:\数据结构可视化\data_structrue\data_structrue\x64\release\input_box.obj
d:\数据结构可视化\data_structrue\data_structrue\x64\release\home.obj
d:\数据结构可视化\data_structrue\data_structrue\x64\release\button.obj
d:\数据结构可视化\data_structrue\data_structrue\x64\release\arrowbutton.obj
d:\数据结构可视化\data_structrue\data_structrue\x64\release\arrow.obj
d:\数据结构可视化\data_structrue\x64\release\data_structrue.exe
d:\数据结构可视化\data_structrue\x64\release\data_structrue.pdb
d:\数据结构可视化\data_structrue\data_structrue\x64\release\data_structrue.ipdb
d:\数据结构可视化\data_structrue\data_structrue\x64\release\data_structrue.iobj
d:\数据结构可视化\data_structrue\data_structrue\x64\release\data_structrue.tlog\cl.command.1.tlog
d:\数据结构可视化\data_structrue\data_structrue\x64\release\data_structrue.tlog\cl.items.tlog
d:\数据结构可视化\data_structrue\data_structrue\x64\release\data_structrue.tlog\cl.read.1.tlog
d:\数据结构可视化\data_structrue\data_structrue\x64\release\data_structrue.tlog\cl.write.1.tlog
d:\数据结构可视化\data_structrue\data_structrue\x64\release\data_structrue.tlog\link.command.1.tlog
d:\数据结构可视化\data_structrue\data_structrue\x64\release\data_structrue.tlog\link.read.1.tlog
d:\数据结构可视化\data_structrue\data_structrue\x64\release\data_structrue.tlog\link.secondary.1.tlog
d:\数据结构可视化\data_structrue\data_structrue\x64\release\data_structrue.tlog\link.write.1.tlog
