  Button.cpp
  input_box.cpp
D:\数据结构可视化\Data_Structrue\Data_Structrue\input_box.cpp(47,17): warning C4244: “=”: 从“T”转换到“int”，可能丢失数据
D:\数据结构可视化\Data_Structrue\Data_Structrue\input_box.cpp(47,17): warning C4244:         with
D:\数据结构可视化\Data_Structrue\Data_Structrue\input_box.cpp(47,17): warning C4244:         [
D:\数据结构可视化\Data_Structrue\Data_Structrue\input_box.cpp(47,17): warning C4244:             T=float
D:\数据结构可视化\Data_Structrue\Data_Structrue\input_box.cpp(47,17): warning C4244:         ]
D:\数据结构可视化\Data_Structrue\Data_Structrue\input_box.cpp(101,17): warning C4244: “=”: 从“int”转换到“T”，可能丢失数据
D:\数据结构可视化\Data_Structrue\Data_Structrue\input_box.cpp(101,17): warning C4244:         with
D:\数据结构可视化\Data_Structrue\Data_Structrue\input_box.cpp(101,17): warning C4244:         [
D:\数据结构可视化\Data_Structrue\Data_Structrue\input_box.cpp(101,17): warning C4244:             T=float
D:\数据结构可视化\Data_Structrue\Data_Structrue\input_box.cpp(101,17): warning C4244:         ]
  List.cpp
D:\数据结构可视化\Data_Structrue\Data_Structrue\ListNode.cpp(235,11): warning C4267: “初始化”: 从“size_t”转换到“int”，可能丢失数据
  (编译源文件“List.cpp”)
  
D:\数据结构可视化\Data_Structrue\Data_Structrue\ListNode.cpp(236,20): warning C4244: “=”: 从“const _Ty”转换到“T”，可能丢失数据
D:\数据结构可视化\Data_Structrue\Data_Structrue\ListNode.cpp(236,20): warning C4244:         with
D:\数据结构可视化\Data_Structrue\Data_Structrue\ListNode.cpp(236,20): warning C4244:         [
D:\数据结构可视化\Data_Structrue\Data_Structrue\ListNode.cpp(236,20): warning C4244:             _Ty=int
D:\数据结构可视化\Data_Structrue\Data_Structrue\ListNode.cpp(236,20): warning C4244:         ]
D:\数据结构可视化\Data_Structrue\Data_Structrue\ListNode.cpp(236,20): warning C4244:         and
D:\数据结构可视化\Data_Structrue\Data_Structrue\ListNode.cpp(236,20): warning C4244:         [
D:\数据结构可视化\Data_Structrue\Data_Structrue\ListNode.cpp(236,20): warning C4244:             T=float
D:\数据结构可视化\Data_Structrue\Data_Structrue\ListNode.cpp(236,20): warning C4244:         ]
  (编译源文件“List.cpp”)
  
D:\数据结构可视化\Data_Structrue\Data_Structrue\input_box.cpp(47,17): warning C4244: “=”: 从“T”转换到“int”，可能丢失数据
D:\数据结构可视化\Data_Structrue\Data_Structrue\input_box.cpp(47,17): warning C4244:         with
D:\数据结构可视化\Data_Structrue\Data_Structrue\input_box.cpp(47,17): warning C4244:         [
D:\数据结构可视化\Data_Structrue\Data_Structrue\input_box.cpp(47,17): warning C4244:             T=float
D:\数据结构可视化\Data_Structrue\Data_Structrue\input_box.cpp(47,17): warning C4244:         ]
  (编译源文件“List.cpp”)
  
D:\数据结构可视化\Data_Structrue\Data_Structrue\input_box.cpp(101,17): warning C4244: “=”: 从“int”转换到“T”，可能丢失数据
D:\数据结构可视化\Data_Structrue\Data_Structrue\input_box.cpp(101,17): warning C4244:         with
D:\数据结构可视化\Data_Structrue\Data_Structrue\input_box.cpp(101,17): warning C4244:         [
D:\数据结构可视化\Data_Structrue\Data_Structrue\input_box.cpp(101,17): warning C4244:             T=float
D:\数据结构可视化\Data_Structrue\Data_Structrue\input_box.cpp(101,17): warning C4244:         ]
  (编译源文件“List.cpp”)
  
D:\数据结构可视化\Data_Structrue\Data_Structrue\List.cpp(85,32): warning C4244: “=”: 从“double”转换到“T”，可能丢失数据
D:\数据结构可视化\Data_Structrue\Data_Structrue\List.cpp(85,32): warning C4244:         with
D:\数据结构可视化\Data_Structrue\Data_Structrue\List.cpp(85,32): warning C4244:         [
D:\数据结构可视化\Data_Structrue\Data_Structrue\List.cpp(85,32): warning C4244:             T=float
D:\数据结构可视化\Data_Structrue\Data_Structrue\List.cpp(85,32): warning C4244:         ]
D:\数据结构可视化\Data_Structrue\Data_Structrue\List.cpp(86,32): warning C4244: “=”: 从“double”转换到“T”，可能丢失数据
D:\数据结构可视化\Data_Structrue\Data_Structrue\List.cpp(86,32): warning C4244:         with
D:\数据结构可视化\Data_Structrue\Data_Structrue\List.cpp(86,32): warning C4244:         [
D:\数据结构可视化\Data_Structrue\Data_Structrue\List.cpp(86,32): warning C4244:             T=float
D:\数据结构可视化\Data_Structrue\Data_Structrue\List.cpp(86,32): warning C4244:         ]
D:\数据结构可视化\Data_Structrue\Data_Structrue\List.cpp(92,30): warning C4244: “+=”: 从“double”转换到“T”，可能丢失数据
D:\数据结构可视化\Data_Structrue\Data_Structrue\List.cpp(92,30): warning C4244:         with
D:\数据结构可视化\Data_Structrue\Data_Structrue\List.cpp(92,30): warning C4244:         [
D:\数据结构可视化\Data_Structrue\Data_Structrue\List.cpp(92,30): warning C4244:             T=float
D:\数据结构可视化\Data_Structrue\Data_Structrue\List.cpp(92,30): warning C4244:         ]
D:\数据结构可视化\Data_Structrue\Data_Structrue\List.cpp(93,30): warning C4244: “+=”: 从“double”转换到“T”，可能丢失数据
D:\数据结构可视化\Data_Structrue\Data_Structrue\List.cpp(93,30): warning C4244:         with
D:\数据结构可视化\Data_Structrue\Data_Structrue\List.cpp(93,30): warning C4244:         [
D:\数据结构可视化\Data_Structrue\Data_Structrue\List.cpp(93,30): warning C4244:             T=float
D:\数据结构可视化\Data_Structrue\Data_Structrue\List.cpp(93,30): warning C4244:         ]
D:\数据结构可视化\Data_Structrue\Data_Structrue\List.cpp(127,33): warning C4244: “+=”: 从“double”转换到“int”，可能丢失数据
D:\数据结构可视化\Data_Structrue\Data_Structrue\List.cpp(161,13): warning C4267: “初始化”: 从“size_t”转换到“int”，可能丢失数据
D:\数据结构可视化\Data_Structrue\Data_Structrue\List.cpp(162,22): warning C4244: “=”: 从“const _Ty”转换到“T”，可能丢失数据
D:\数据结构可视化\Data_Structrue\Data_Structrue\List.cpp(162,22): warning C4244:         with
D:\数据结构可视化\Data_Structrue\Data_Structrue\List.cpp(162,22): warning C4244:         [
D:\数据结构可视化\Data_Structrue\Data_Structrue\List.cpp(162,22): warning C4244:             _Ty=int
D:\数据结构可视化\Data_Structrue\Data_Structrue\List.cpp(162,22): warning C4244:         ]
D:\数据结构可视化\Data_Structrue\Data_Structrue\List.cpp(162,22): warning C4244:         and
D:\数据结构可视化\Data_Structrue\Data_Structrue\List.cpp(162,22): warning C4244:         [
D:\数据结构可视化\Data_Structrue\Data_Structrue\List.cpp(162,22): warning C4244:             T=float
D:\数据结构可视化\Data_Structrue\Data_Structrue\List.cpp(162,22): warning C4244:         ]
D:\数据结构可视化\Data_Structrue\Data_Structrue\List.cpp(195,11): warning C4267: “初始化”: 从“size_t”转换到“int”，可能丢失数据
D:\数据结构可视化\Data_Structrue\Data_Structrue\List.cpp(196,20): warning C4244: “=”: 从“const _Ty”转换到“T”，可能丢失数据
D:\数据结构可视化\Data_Structrue\Data_Structrue\List.cpp(196,20): warning C4244:         with
D:\数据结构可视化\Data_Structrue\Data_Structrue\List.cpp(196,20): warning C4244:         [
D:\数据结构可视化\Data_Structrue\Data_Structrue\List.cpp(196,20): warning C4244:             _Ty=int
D:\数据结构可视化\Data_Structrue\Data_Structrue\List.cpp(196,20): warning C4244:         ]
D:\数据结构可视化\Data_Structrue\Data_Structrue\List.cpp(196,20): warning C4244:         and
D:\数据结构可视化\Data_Structrue\Data_Structrue\List.cpp(196,20): warning C4244:         [
D:\数据结构可视化\Data_Structrue\Data_Structrue\List.cpp(196,20): warning C4244:             T=float
D:\数据结构可视化\Data_Structrue\Data_Structrue\List.cpp(196,20): warning C4244:         ]
D:\数据结构可视化\Data_Structrue\Data_Structrue\List.cpp(281,11): warning C4267: “初始化”: 从“size_t”转换到“int”，可能丢失数据
D:\数据结构可视化\Data_Structrue\Data_Structrue\List.cpp(282,20): warning C4244: “=”: 从“const _Ty”转换到“T”，可能丢失数据
D:\数据结构可视化\Data_Structrue\Data_Structrue\List.cpp(282,20): warning C4244:         with
D:\数据结构可视化\Data_Structrue\Data_Structrue\List.cpp(282,20): warning C4244:         [
D:\数据结构可视化\Data_Structrue\Data_Structrue\List.cpp(282,20): warning C4244:             _Ty=int
D:\数据结构可视化\Data_Structrue\Data_Structrue\List.cpp(282,20): warning C4244:         ]
D:\数据结构可视化\Data_Structrue\Data_Structrue\List.cpp(282,20): warning C4244:         and
D:\数据结构可视化\Data_Structrue\Data_Structrue\List.cpp(282,20): warning C4244:         [
D:\数据结构可视化\Data_Structrue\Data_Structrue\List.cpp(282,20): warning C4244:             T=float
D:\数据结构可视化\Data_Structrue\Data_Structrue\List.cpp(282,20): warning C4244:         ]
D:\数据结构可视化\Data_Structrue\Data_Structrue\List.cpp(300,11): warning C4267: “初始化”: 从“size_t”转换到“int”，可能丢失数据
D:\数据结构可视化\Data_Structrue\Data_Structrue\List.cpp(301,20): warning C4244: “=”: 从“const _Ty”转换到“T”，可能丢失数据
D:\数据结构可视化\Data_Structrue\Data_Structrue\List.cpp(301,20): warning C4244:         with
D:\数据结构可视化\Data_Structrue\Data_Structrue\List.cpp(301,20): warning C4244:         [
D:\数据结构可视化\Data_Structrue\Data_Structrue\List.cpp(301,20): warning C4244:             _Ty=int
D:\数据结构可视化\Data_Structrue\Data_Structrue\List.cpp(301,20): warning C4244:         ]
D:\数据结构可视化\Data_Structrue\Data_Structrue\List.cpp(301,20): warning C4244:         and
D:\数据结构可视化\Data_Structrue\Data_Structrue\List.cpp(301,20): warning C4244:         [
D:\数据结构可视化\Data_Structrue\Data_Structrue\List.cpp(301,20): warning C4244:             T=float
D:\数据结构可视化\Data_Structrue\Data_Structrue\List.cpp(301,20): warning C4244:         ]
  ListNode.cpp
D:\数据结构可视化\Data_Structrue\Data_Structrue\ListNode.cpp(235,11): warning C4267: “初始化”: 从“size_t”转换到“int”，可能丢失数据
D:\数据结构可视化\Data_Structrue\Data_Structrue\ListNode.cpp(236,20): warning C4244: “=”: 从“const _Ty”转换到“T”，可能丢失数据
D:\数据结构可视化\Data_Structrue\Data_Structrue\ListNode.cpp(236,20): warning C4244:         with
D:\数据结构可视化\Data_Structrue\Data_Structrue\ListNode.cpp(236,20): warning C4244:         [
D:\数据结构可视化\Data_Structrue\Data_Structrue\ListNode.cpp(236,20): warning C4244:             _Ty=int
D:\数据结构可视化\Data_Structrue\Data_Structrue\ListNode.cpp(236,20): warning C4244:         ]
D:\数据结构可视化\Data_Structrue\Data_Structrue\ListNode.cpp(236,20): warning C4244:         and
D:\数据结构可视化\Data_Structrue\Data_Structrue\ListNode.cpp(236,20): warning C4244:         [
D:\数据结构可视化\Data_Structrue\Data_Structrue\ListNode.cpp(236,20): warning C4244:             T=float
D:\数据结构可视化\Data_Structrue\Data_Structrue\ListNode.cpp(236,20): warning C4244:         ]
  List_test.cpp
D:\数据结构可视化\Data_Structrue\Data_Structrue\input_box.cpp(47,17): warning C4244: “=”: 从“T”转换到“int”，可能丢失数据
D:\数据结构可视化\Data_Structrue\Data_Structrue\input_box.cpp(47,17): warning C4244:         with
D:\数据结构可视化\Data_Structrue\Data_Structrue\input_box.cpp(47,17): warning C4244:         [
D:\数据结构可视化\Data_Structrue\Data_Structrue\input_box.cpp(47,17): warning C4244:             T=float
D:\数据结构可视化\Data_Structrue\Data_Structrue\input_box.cpp(47,17): warning C4244:         ]
  (编译源文件“List_test.cpp”)
  
D:\数据结构可视化\Data_Structrue\Data_Structrue\input_box.cpp(101,17): warning C4244: “=”: 从“int”转换到“T”，可能丢失数据
D:\数据结构可视化\Data_Structrue\Data_Structrue\input_box.cpp(101,17): warning C4244:         with
D:\数据结构可视化\Data_Structrue\Data_Structrue\input_box.cpp(101,17): warning C4244:         [
D:\数据结构可视化\Data_Structrue\Data_Structrue\input_box.cpp(101,17): warning C4244:             T=float
D:\数据结构可视化\Data_Structrue\Data_Structrue\input_box.cpp(101,17): warning C4244:         ]
  (编译源文件“List_test.cpp”)
  
D:\数据结构可视化\Data_Structrue\Data_Structrue\ListNode.cpp(235,11): warning C4267: “初始化”: 从“size_t”转换到“int”，可能丢失数据
  (编译源文件“List_test.cpp”)
  
D:\数据结构可视化\Data_Structrue\Data_Structrue\ListNode.cpp(236,20): warning C4244: “=”: 从“const _Ty”转换到“T”，可能丢失数据
D:\数据结构可视化\Data_Structrue\Data_Structrue\ListNode.cpp(236,20): warning C4244:         with
D:\数据结构可视化\Data_Structrue\Data_Structrue\ListNode.cpp(236,20): warning C4244:         [
D:\数据结构可视化\Data_Structrue\Data_Structrue\ListNode.cpp(236,20): warning C4244:             _Ty=int
D:\数据结构可视化\Data_Structrue\Data_Structrue\ListNode.cpp(236,20): warning C4244:         ]
D:\数据结构可视化\Data_Structrue\Data_Structrue\ListNode.cpp(236,20): warning C4244:         and
D:\数据结构可视化\Data_Structrue\Data_Structrue\ListNode.cpp(236,20): warning C4244:         [
D:\数据结构可视化\Data_Structrue\Data_Structrue\ListNode.cpp(236,20): warning C4244:             T=float
D:\数据结构可视化\Data_Structrue\Data_Structrue\ListNode.cpp(236,20): warning C4244:         ]
  (编译源文件“List_test.cpp”)
  
D:\数据结构可视化\Data_Structrue\Data_Structrue\List.cpp(85,32): warning C4244: “=”: 从“double”转换到“T”，可能丢失数据
D:\数据结构可视化\Data_Structrue\Data_Structrue\List.cpp(85,32): warning C4244:         with
D:\数据结构可视化\Data_Structrue\Data_Structrue\List.cpp(85,32): warning C4244:         [
D:\数据结构可视化\Data_Structrue\Data_Structrue\List.cpp(85,32): warning C4244:             T=float
D:\数据结构可视化\Data_Structrue\Data_Structrue\List.cpp(85,32): warning C4244:         ]
  (编译源文件“List_test.cpp”)
  
D:\数据结构可视化\Data_Structrue\Data_Structrue\List.cpp(86,32): warning C4244: “=”: 从“double”转换到“T”，可能丢失数据
D:\数据结构可视化\Data_Structrue\Data_Structrue\List.cpp(86,32): warning C4244:         with
D:\数据结构可视化\Data_Structrue\Data_Structrue\List.cpp(86,32): warning C4244:         [
D:\数据结构可视化\Data_Structrue\Data_Structrue\List.cpp(86,32): warning C4244:             T=float
D:\数据结构可视化\Data_Structrue\Data_Structrue\List.cpp(86,32): warning C4244:         ]
  (编译源文件“List_test.cpp”)
  
D:\数据结构可视化\Data_Structrue\Data_Structrue\List.cpp(92,30): warning C4244: “+=”: 从“double”转换到“T”，可能丢失数据
D:\数据结构可视化\Data_Structrue\Data_Structrue\List.cpp(92,30): warning C4244:         with
D:\数据结构可视化\Data_Structrue\Data_Structrue\List.cpp(92,30): warning C4244:         [
D:\数据结构可视化\Data_Structrue\Data_Structrue\List.cpp(92,30): warning C4244:             T=float
D:\数据结构可视化\Data_Structrue\Data_Structrue\List.cpp(92,30): warning C4244:         ]
  (编译源文件“List_test.cpp”)
  
D:\数据结构可视化\Data_Structrue\Data_Structrue\List.cpp(93,30): warning C4244: “+=”: 从“double”转换到“T”，可能丢失数据
D:\数据结构可视化\Data_Structrue\Data_Structrue\List.cpp(93,30): warning C4244:         with
D:\数据结构可视化\Data_Structrue\Data_Structrue\List.cpp(93,30): warning C4244:         [
D:\数据结构可视化\Data_Structrue\Data_Structrue\List.cpp(93,30): warning C4244:             T=float
D:\数据结构可视化\Data_Structrue\Data_Structrue\List.cpp(93,30): warning C4244:         ]
  (编译源文件“List_test.cpp”)
  
D:\数据结构可视化\Data_Structrue\Data_Structrue\List.cpp(127,33): warning C4244: “+=”: 从“double”转换到“int”，可能丢失数据
  (编译源文件“List_test.cpp”)
  
D:\数据结构可视化\Data_Structrue\Data_Structrue\List.cpp(161,13): warning C4267: “初始化”: 从“size_t”转换到“int”，可能丢失数据
  (编译源文件“List_test.cpp”)
  
D:\数据结构可视化\Data_Structrue\Data_Structrue\List.cpp(162,22): warning C4244: “=”: 从“const _Ty”转换到“T”，可能丢失数据
D:\数据结构可视化\Data_Structrue\Data_Structrue\List.cpp(162,22): warning C4244:         with
D:\数据结构可视化\Data_Structrue\Data_Structrue\List.cpp(162,22): warning C4244:         [
D:\数据结构可视化\Data_Structrue\Data_Structrue\List.cpp(162,22): warning C4244:             _Ty=int
D:\数据结构可视化\Data_Structrue\Data_Structrue\List.cpp(162,22): warning C4244:         ]
D:\数据结构可视化\Data_Structrue\Data_Structrue\List.cpp(162,22): warning C4244:         and
D:\数据结构可视化\Data_Structrue\Data_Structrue\List.cpp(162,22): warning C4244:         [
D:\数据结构可视化\Data_Structrue\Data_Structrue\List.cpp(162,22): warning C4244:             T=float
D:\数据结构可视化\Data_Structrue\Data_Structrue\List.cpp(162,22): warning C4244:         ]
  (编译源文件“List_test.cpp”)
  
D:\数据结构可视化\Data_Structrue\Data_Structrue\List.cpp(195,11): warning C4267: “初始化”: 从“size_t”转换到“int”，可能丢失数据
  (编译源文件“List_test.cpp”)
  
D:\数据结构可视化\Data_Structrue\Data_Structrue\List.cpp(196,20): warning C4244: “=”: 从“const _Ty”转换到“T”，可能丢失数据
D:\数据结构可视化\Data_Structrue\Data_Structrue\List.cpp(196,20): warning C4244:         with
D:\数据结构可视化\Data_Structrue\Data_Structrue\List.cpp(196,20): warning C4244:         [
D:\数据结构可视化\Data_Structrue\Data_Structrue\List.cpp(196,20): warning C4244:             _Ty=int
D:\数据结构可视化\Data_Structrue\Data_Structrue\List.cpp(196,20): warning C4244:         ]
D:\数据结构可视化\Data_Structrue\Data_Structrue\List.cpp(196,20): warning C4244:         and
D:\数据结构可视化\Data_Structrue\Data_Structrue\List.cpp(196,20): warning C4244:         [
D:\数据结构可视化\Data_Structrue\Data_Structrue\List.cpp(196,20): warning C4244:             T=float
D:\数据结构可视化\Data_Structrue\Data_Structrue\List.cpp(196,20): warning C4244:         ]
  (编译源文件“List_test.cpp”)
  
D:\数据结构可视化\Data_Structrue\Data_Structrue\List.cpp(281,11): warning C4267: “初始化”: 从“size_t”转换到“int”，可能丢失数据
  (编译源文件“List_test.cpp”)
  
D:\数据结构可视化\Data_Structrue\Data_Structrue\List.cpp(282,20): warning C4244: “=”: 从“const _Ty”转换到“T”，可能丢失数据
D:\数据结构可视化\Data_Structrue\Data_Structrue\List.cpp(282,20): warning C4244:         with
D:\数据结构可视化\Data_Structrue\Data_Structrue\List.cpp(282,20): warning C4244:         [
D:\数据结构可视化\Data_Structrue\Data_Structrue\List.cpp(282,20): warning C4244:             _Ty=int
D:\数据结构可视化\Data_Structrue\Data_Structrue\List.cpp(282,20): warning C4244:         ]
D:\数据结构可视化\Data_Structrue\Data_Structrue\List.cpp(282,20): warning C4244:         and
D:\数据结构可视化\Data_Structrue\Data_Structrue\List.cpp(282,20): warning C4244:         [
D:\数据结构可视化\Data_Structrue\Data_Structrue\List.cpp(282,20): warning C4244:             T=float
D:\数据结构可视化\Data_Structrue\Data_Structrue\List.cpp(282,20): warning C4244:         ]
  (编译源文件“List_test.cpp”)
  
D:\数据结构可视化\Data_Structrue\Data_Structrue\List.cpp(300,11): warning C4267: “初始化”: 从“size_t”转换到“int”，可能丢失数据
  (编译源文件“List_test.cpp”)
  
D:\数据结构可视化\Data_Structrue\Data_Structrue\List.cpp(301,20): warning C4244: “=”: 从“const _Ty”转换到“T”，可能丢失数据
D:\数据结构可视化\Data_Structrue\Data_Structrue\List.cpp(301,20): warning C4244:         with
D:\数据结构可视化\Data_Structrue\Data_Structrue\List.cpp(301,20): warning C4244:         [
D:\数据结构可视化\Data_Structrue\Data_Structrue\List.cpp(301,20): warning C4244:             _Ty=int
D:\数据结构可视化\Data_Structrue\Data_Structrue\List.cpp(301,20): warning C4244:         ]
D:\数据结构可视化\Data_Structrue\Data_Structrue\List.cpp(301,20): warning C4244:         and
D:\数据结构可视化\Data_Structrue\Data_Structrue\List.cpp(301,20): warning C4244:         [
D:\数据结构可视化\Data_Structrue\Data_Structrue\List.cpp(301,20): warning C4244:             T=float
D:\数据结构可视化\Data_Structrue\Data_Structrue\List.cpp(301,20): warning C4244:         ]
  (编译源文件“List_test.cpp”)
  
  Sequential_List.cpp
  正在生成代码
  Previous IPDB not found, fall back to full compilation.
  All 582 functions were compiled because no usable IPDB/IOBJ from previous compilation was found.
  已完成代码的生成
  Data_Structrue.vcxproj -> D:\数据结构可视化\Data_Structrue\x64\Release\Data_Structrue.exe
